<?xml version="1.0" encoding="UTF-8"?>
<!-- Generated by org.testng.reporters.JUnitXMLReporter -->
<testsuite ignored="0" hostname="DESKTOP-SNSKR4H" failures="1" tests="2" name="ChromeTest" time="12.324" errors="0" timestamp="2025-07-05T13:03:57 IST">
  <testcase classname="testCase.TC001_AddCourse" name="VerifyAddCOurse" time="2.06">
    <failure type="java.lang.NullPointerException" message="Cannot invoke &amp;quot;org.openqa.selenium.SearchContext.findElement(org.openqa.selenium.By)&amp;quot; because &amp;quot;this.searchContext&amp;quot; is null">
      <![CDATA[java.lang.NullPointerException: Cannot invoke "org.openqa.selenium.SearchContext.findElement(org.openqa.selenium.By)" because "this.searchContext" is null
at org.openqa.selenium.support.pagefactory.DefaultElementLocator.findElement(DefaultElementLocator.java:68)
at org.openqa.selenium.support.pagefactory.internal.LocatingElementHandler.invoke(LocatingElementHandler.java:38)
at jdk.proxy2/jdk.proxy2.$Proxy10.sendKeys(Unknown Source)
at pageObjects.LoginPage.setusername(LoginPage.java:24)
at testCase.TC001_AddCourse.VerifyAddCOurse(TC001_AddCourse.java:47)
at java.base/java.util.ArrayList.forEach(ArrayList.java:1511)
... Removed 27 stack frames]]>
    </failure>
  </testcase> <!-- VerifyAddCOurse -->
  <testcase classname="testCase.TC001_AddCourse" name="setup" time="10.148"/>
</testsuite> <!-- ChromeTest -->
